<application: app.config>: init ..
<panel(app.config) [0, 0, 169, 47]>: mark as resize
<application: app.config>: init ok
<panel(app.config.mconfdialog) [1, 1, 168, 46]>: mark as resize
<view(window.shadow) [2, 1, 167, 45]>: mark as resize
<panel(window.frame) [0, 0, 167, 45]>: mark as resize
<view(window.border) [0, 0, 165, 44]>: mark as resize
<view(window.title) [0, 0, 11, 1]>: mark as resize
<panel(window.panel) [0, 0, 165, 44]>: mark as resize
<panel(dialog.buttons) [0, 41, 163, 42]>: mark as resize
<view(textdialog.text) [0, 0, 163, 41]>: mark as resize
<panel(boxdialog.box) [0, 3, 163, 41]>: mark as resize
<panel(window.frame) [0, 0, 163, 38]>: mark as resize
<view(window.border) [0, 0, 163, 38]>: mark as resize
<panel(window.panel) [0, 0, 163, 38]>: mark as resize
<view(select) [0, 0, 10, 1]>: mark as resize
<view(back) [0, 0, 8, 1]>: mark as resize
<view(exit) [0, 0, 8, 1]>: mark as resize
<view(help) [0, 0, 8, 1]>: mark as resize
<view(save) [0, 0, 8, 1]>: mark as resize
<panel(mconfdialog.menuconf) [0, 0, 161, 36]>: mark as resize
<view(menuconf.config.0) [0, 0, 161, 1]>: mark as resize
<view(menuconf.config.1) [0, 1, 161, 2]>: mark as resize
<panel(menubar) [0, 0, 169, 1]>: mark as resize
<view(menubar.title) [0, 0, 169, 1]>: mark as resize
<panel(desktop) [0, 1, 169, 46]>: mark as resize
<panel(statusbar) [0, 46, 169, 47]>: mark as resize
<view(statusbar.info) [0, 0, 169, 1]>: mark as resize
<panel(app.config) [0, 0, 169, 47]>: resize ..
<panel(app.config.mconfdialog) [1, 1, 168, 46]>: resize ..
<view(window.shadow) [2, 1, 167, 45]>: resize ..
<panel(window.frame) [0, 0, 165, 44]>: resize ..
<view(window.border) [0, 0, 165, 44]>: resize ..
<view(window.title) [77, 0, 88, 1]>: resize ..
<panel(window.panel) [1, 1, 164, 43]>: resize ..
<panel(dialog.buttons) [0, 41, 163, 42]>: resize ..
<view(select) [35, 0, 45, 1]>: resize ..
<view(back) [56, 0, 64, 1]>: resize ..
<view(exit) [76, 0, 84, 1]>: resize ..
<view(help) [96, 0, 104, 1]>: resize ..
<view(save) [116, 0, 124, 1]>: resize ..
<view(textdialog.text) [0, 0, 163, 3]>: resize ..
<panel(boxdialog.box) [0, 3, 163, 41]>: resize ..
<panel(window.frame) [0, 0, 163, 38]>: resize ..
<view(window.border) [0, 0, 163, 38]>: resize ..
<panel(window.panel) [1, 1, 162, 37]>: resize ..
<panel(mconfdialog.menuconf) [0, 0, 161, 36]>: resize ..
<view(menuconf.config.0) [0, 0, 161, 1]>: resize ..
<view(menuconf.config.1) [0, 1, 161, 2]>: resize ..
<panel(app.config) [0, 0, 169, 47]>: draw (transparent: nil) ..
<panel(app.config.mconfdialog) [1, 1, 168, 46]>: draw (transparent: nil) ..
<view(window.shadow) [2, 1, 167, 45]>: draw (transparent: nil) ..
<panel(window.frame) [0, 0, 165, 44]>: draw (transparent: nil) ..
<view(window.border) [0, 0, 165, 44]>: draw (transparent: true) ..
<view(window.title) [77, 0, 88, 1]>: draw (transparent: nil) ..
<panel(window.panel) [1, 1, 164, 43]>: draw (transparent: nil) ..
<panel(dialog.buttons) [0, 41, 163, 42]>: draw (transparent: nil) ..
<view(select) [35, 0, 45, 1]>: draw (transparent: nil) ..
<view(back) [56, 0, 64, 1]>: draw (transparent: nil) ..
<view(exit) [76, 0, 84, 1]>: draw (transparent: nil) ..
<view(help) [96, 0, 104, 1]>: draw (transparent: nil) ..
<view(save) [116, 0, 124, 1]>: draw (transparent: nil) ..
<view(textdialog.text) [0, 0, 163, 3]>: draw (transparent: nil) ..
<panel(boxdialog.box) [0, 3, 163, 41]>: draw (transparent: nil) ..
<panel(window.frame) [0, 0, 163, 38]>: draw (transparent: nil) ..
<view(window.border) [0, 0, 163, 38]>: draw (transparent: true) ..
<panel(window.panel) [1, 1, 162, 37]>: draw (transparent: nil) ..
<panel(mconfdialog.menuconf) [0, 0, 161, 36]>: draw (transparent: nil) ..
<view(menuconf.config.0) [0, 0, 161, 1]>: draw (transparent: nil) ..
<view(menuconf.config.1) [0, 1, 161, 2]>: draw (transparent: nil) ..
<view(window.shadow) [2, 1, 167, 45]>: refresh to app.config.mconfdialog(2, 1, 167, 45) ..
<view(window.border) [0, 0, 165, 44]>: refresh to window.frame(0, 0, 165, 44) ..
<view(window.title) [77, 0, 88, 1]>: refresh to window.frame(77, 0, 88, 1) ..
<view(select) [35, 0, 45, 1]>: refresh to dialog.buttons(35, 0, 45, 1) ..
<view(back) [56, 0, 64, 1]>: refresh to dialog.buttons(56, 0, 64, 1) ..
<view(exit) [76, 0, 84, 1]>: refresh to dialog.buttons(76, 0, 84, 1) ..
<view(help) [96, 0, 104, 1]>: refresh to dialog.buttons(96, 0, 104, 1) ..
<view(save) [116, 0, 124, 1]>: refresh to dialog.buttons(116, 0, 124, 1) ..
<panel(dialog.buttons) [0, 41, 163, 42]>: refresh to window.panel(0, 41, 163, 42) ..
<view(textdialog.text) [0, 0, 163, 3]>: refresh to window.panel(0, 0, 163, 3) ..
<view(window.border) [0, 0, 163, 38]>: refresh to window.frame(0, 0, 163, 38) ..
<view(menuconf.config.0) [0, 0, 161, 1]>: refresh to mconfdialog.menuconf(0, 0, 161, 1) ..
<view(menuconf.config.1) [0, 1, 161, 2]>: refresh to mconfdialog.menuconf(0, 1, 161, 2) ..
<panel(mconfdialog.menuconf) [0, 0, 161, 36]>: refresh to window.panel(0, 0, 161, 36) ..
<panel(window.panel) [1, 1, 162, 37]>: refresh to window.frame(1, 1, 162, 37) ..
<panel(window.frame) [0, 0, 163, 38]>: refresh to boxdialog.box(0, 0, 163, 38) ..
<panel(boxdialog.box) [0, 3, 163, 41]>: refresh to window.panel(0, 3, 163, 41) ..
<panel(window.panel) [1, 1, 164, 43]>: refresh to window.frame(1, 1, 164, 43) ..
<panel(window.frame) [0, 0, 165, 44]>: refresh to app.config.mconfdialog(0, 0, 165, 44) ..
<panel(app.config.mconfdialog) [1, 1, 168, 46]>: refresh to app.config(1, 1, 168, 46) ..
<panel(app.config) [0, 0, 169, 47]>: refresh ..
cursor(<view(select) [35, 0, 45, 1]>): (37, 43), 1
event(key): j 106 ..
event(2): ..
event(key): Down 258 ..
<view(menuconf.config.0) [0, 0, 161, 1]>: mark as redraw
<view(menuconf.config.1) [0, 1, 161, 2]>: mark as redraw
<view(menuconf.config.0) [0, 0, 161, 1]>: draw (transparent: nil) ..
<view(menuconf.config.1) [0, 1, 161, 2]>: draw (transparent: nil) ..
<view(menuconf.config.0) [0, 0, 161, 1]>: refresh to mconfdialog.menuconf(0, 0, 161, 1) ..
<view(menuconf.config.1) [0, 1, 161, 2]>: refresh to mconfdialog.menuconf(0, 1, 161, 2) ..
<panel(mconfdialog.menuconf) [0, 0, 161, 36]>: refresh to window.panel(0, 0, 161, 36) ..
<panel(window.panel) [1, 1, 162, 37]>: refresh to window.frame(1, 1, 162, 37) ..
<panel(window.frame) [0, 0, 163, 38]>: refresh to boxdialog.box(0, 0, 163, 38) ..
<panel(boxdialog.box) [0, 3, 163, 41]>: refresh to window.panel(0, 3, 163, 41) ..
<panel(window.panel) [1, 1, 164, 43]>: refresh to window.frame(1, 1, 164, 43) ..
<panel(window.frame) [0, 0, 165, 44]>: refresh to app.config.mconfdialog(0, 0, 165, 44) ..
<panel(app.config.mconfdialog) [1, 1, 168, 46]>: refresh to app.config(1, 1, 168, 46) ..
<panel(app.config) [0, 0, 169, 47]>: refresh ..
cursor(<view(select) [35, 0, 45, 1]>): (37, 43), 1
event(key): Down 258 ..
<view(menuconf.config.1) [0, 1, 161, 2]>: mark as redraw
<view(menuconf.config.0) [0, 0, 161, 1]>: mark as redraw
<view(menuconf.config.0) [0, 0, 161, 1]>: draw (transparent: nil) ..
<view(menuconf.config.1) [0, 1, 161, 2]>: draw (transparent: nil) ..
<view(menuconf.config.0) [0, 0, 161, 1]>: refresh to mconfdialog.menuconf(0, 0, 161, 1) ..
<view(menuconf.config.1) [0, 1, 161, 2]>: refresh to mconfdialog.menuconf(0, 1, 161, 2) ..
<panel(mconfdialog.menuconf) [0, 0, 161, 36]>: refresh to window.panel(0, 0, 161, 36) ..
<panel(window.panel) [1, 1, 162, 37]>: refresh to window.frame(1, 1, 162, 37) ..
<panel(window.frame) [0, 0, 163, 38]>: refresh to boxdialog.box(0, 0, 163, 38) ..
<panel(boxdialog.box) [0, 3, 163, 41]>: refresh to window.panel(0, 3, 163, 41) ..
<panel(window.panel) [1, 1, 164, 43]>: refresh to window.frame(1, 1, 164, 43) ..
<panel(window.frame) [0, 0, 165, 44]>: refresh to app.config.mconfdialog(0, 0, 165, 44) ..
<panel(app.config.mconfdialog) [1, 1, 168, 46]>: refresh to app.config(1, 1, 168, 46) ..
<panel(app.config) [0, 0, 169, 47]>: refresh ..
cursor(<view(select) [35, 0, 45, 1]>): (37, 43), 1
event(key): Up 259 ..
<view(menuconf.config.0) [0, 0, 161, 1]>: mark as redraw
<view(menuconf.config.1) [0, 1, 161, 2]>: mark as redraw
<view(menuconf.config.0) [0, 0, 161, 1]>: draw (transparent: nil) ..
<view(menuconf.config.1) [0, 1, 161, 2]>: draw (transparent: nil) ..
<view(menuconf.config.0) [0, 0, 161, 1]>: refresh to mconfdialog.menuconf(0, 0, 161, 1) ..
<view(menuconf.config.1) [0, 1, 161, 2]>: refresh to mconfdialog.menuconf(0, 1, 161, 2) ..
<panel(mconfdialog.menuconf) [0, 0, 161, 36]>: refresh to window.panel(0, 0, 161, 36) ..
<panel(window.panel) [1, 1, 162, 37]>: refresh to window.frame(1, 1, 162, 37) ..
<panel(window.frame) [0, 0, 163, 38]>: refresh to boxdialog.box(0, 0, 163, 38) ..
<panel(boxdialog.box) [0, 3, 163, 41]>: refresh to window.panel(0, 3, 163, 41) ..
<panel(window.panel) [1, 1, 164, 43]>: refresh to window.frame(1, 1, 164, 43) ..
<panel(window.frame) [0, 0, 165, 44]>: refresh to app.config.mconfdialog(0, 0, 165, 44) ..
<panel(app.config.mconfdialog) [1, 1, 168, 46]>: refresh to app.config(1, 1, 168, 46) ..
<panel(app.config) [0, 0, 169, 47]>: refresh ..
cursor(<view(select) [35, 0, 45, 1]>): (37, 43), 1
event(key): Down 258 ..
<view(menuconf.config.1) [0, 1, 161, 2]>: mark as redraw
<view(menuconf.config.0) [0, 0, 161, 1]>: mark as redraw
<view(menuconf.config.0) [0, 0, 161, 1]>: draw (transparent: nil) ..
<view(menuconf.config.1) [0, 1, 161, 2]>: draw (transparent: nil) ..
<view(menuconf.config.0) [0, 0, 161, 1]>: refresh to mconfdialog.menuconf(0, 0, 161, 1) ..
<view(menuconf.config.1) [0, 1, 161, 2]>: refresh to mconfdialog.menuconf(0, 1, 161, 2) ..
<panel(mconfdialog.menuconf) [0, 0, 161, 36]>: refresh to window.panel(0, 0, 161, 36) ..
<panel(window.panel) [1, 1, 162, 37]>: refresh to window.frame(1, 1, 162, 37) ..
<panel(window.frame) [0, 0, 163, 38]>: refresh to boxdialog.box(0, 0, 163, 38) ..
<panel(boxdialog.box) [0, 3, 163, 41]>: refresh to window.panel(0, 3, 163, 41) ..
<panel(window.panel) [1, 1, 164, 43]>: refresh to window.frame(1, 1, 164, 43) ..
<panel(window.frame) [0, 0, 165, 44]>: refresh to app.config.mconfdialog(0, 0, 165, 44) ..
<panel(app.config.mconfdialog) [1, 1, 168, 46]>: refresh to app.config(1, 1, 168, 46) ..
<panel(app.config) [0, 0, 169, 47]>: refresh ..
cursor(<view(select) [35, 0, 45, 1]>): (37, 43), 1
event(key): Up 259 ..
<view(menuconf.config.0) [0, 0, 161, 1]>: mark as redraw
<view(menuconf.config.1) [0, 1, 161, 2]>: mark as redraw
<view(menuconf.config.0) [0, 0, 161, 1]>: draw (transparent: nil) ..
<view(menuconf.config.1) [0, 1, 161, 2]>: draw (transparent: nil) ..
<view(menuconf.config.0) [0, 0, 161, 1]>: refresh to mconfdialog.menuconf(0, 0, 161, 1) ..
<view(menuconf.config.1) [0, 1, 161, 2]>: refresh to mconfdialog.menuconf(0, 1, 161, 2) ..
<panel(mconfdialog.menuconf) [0, 0, 161, 36]>: refresh to window.panel(0, 0, 161, 36) ..
<panel(window.panel) [1, 1, 162, 37]>: refresh to window.frame(1, 1, 162, 37) ..
<panel(window.frame) [0, 0, 163, 38]>: refresh to boxdialog.box(0, 0, 163, 38) ..
<panel(boxdialog.box) [0, 3, 163, 41]>: refresh to window.panel(0, 3, 163, 41) ..
<panel(window.panel) [1, 1, 164, 43]>: refresh to window.frame(1, 1, 164, 43) ..
<panel(window.frame) [0, 0, 165, 44]>: refresh to app.config.mconfdialog(0, 0, 165, 44) ..
<panel(app.config.mconfdialog) [1, 1, 168, 46]>: refresh to app.config(1, 1, 168, 46) ..
<panel(app.config) [0, 0, 169, 47]>: refresh ..
cursor(<view(select) [35, 0, 45, 1]>): (37, 43), 1
event(key): Down 258 ..
<view(menuconf.config.1) [0, 1, 161, 2]>: mark as redraw
<view(menuconf.config.0) [0, 0, 161, 1]>: mark as redraw
<view(menuconf.config.0) [0, 0, 161, 1]>: draw (transparent: nil) ..
<view(menuconf.config.1) [0, 1, 161, 2]>: draw (transparent: nil) ..
<view(menuconf.config.0) [0, 0, 161, 1]>: refresh to mconfdialog.menuconf(0, 0, 161, 1) ..
<view(menuconf.config.1) [0, 1, 161, 2]>: refresh to mconfdialog.menuconf(0, 1, 161, 2) ..
<panel(mconfdialog.menuconf) [0, 0, 161, 36]>: refresh to window.panel(0, 0, 161, 36) ..
<panel(window.panel) [1, 1, 162, 37]>: refresh to window.frame(1, 1, 162, 37) ..
<panel(window.frame) [0, 0, 163, 38]>: refresh to boxdialog.box(0, 0, 163, 38) ..
<panel(boxdialog.box) [0, 3, 163, 41]>: refresh to window.panel(0, 3, 163, 41) ..
<panel(window.panel) [1, 1, 164, 43]>: refresh to window.frame(1, 1, 164, 43) ..
<panel(window.frame) [0, 0, 165, 44]>: refresh to app.config.mconfdialog(0, 0, 165, 44) ..
<panel(app.config.mconfdialog) [1, 1, 168, 46]>: refresh to app.config(1, 1, 168, 46) ..
<panel(app.config) [0, 0, 169, 47]>: refresh ..
cursor(<view(select) [35, 0, 45, 1]>): (37, 43), 1
event(key): Up 259 ..
<view(menuconf.config.0) [0, 0, 161, 1]>: mark as redraw
<view(menuconf.config.1) [0, 1, 161, 2]>: mark as redraw
<view(menuconf.config.0) [0, 0, 161, 1]>: draw (transparent: nil) ..
<view(menuconf.config.1) [0, 1, 161, 2]>: draw (transparent: nil) ..
<view(menuconf.config.0) [0, 0, 161, 1]>: refresh to mconfdialog.menuconf(0, 0, 161, 1) ..
<view(menuconf.config.1) [0, 1, 161, 2]>: refresh to mconfdialog.menuconf(0, 1, 161, 2) ..
<panel(mconfdialog.menuconf) [0, 0, 161, 36]>: refresh to window.panel(0, 0, 161, 36) ..
<panel(window.panel) [1, 1, 162, 37]>: refresh to window.frame(1, 1, 162, 37) ..
<panel(window.frame) [0, 0, 163, 38]>: refresh to boxdialog.box(0, 0, 163, 38) ..
<panel(boxdialog.box) [0, 3, 163, 41]>: refresh to window.panel(0, 3, 163, 41) ..
<panel(window.panel) [1, 1, 164, 43]>: refresh to window.frame(1, 1, 164, 43) ..
<panel(window.frame) [0, 0, 165, 44]>: refresh to app.config.mconfdialog(0, 0, 165, 44) ..
<panel(app.config.mconfdialog) [1, 1, 168, 46]>: refresh to app.config(1, 1, 168, 46) ..
<panel(app.config) [0, 0, 169, 47]>: refresh ..
cursor(<view(select) [35, 0, 45, 1]>): (37, 43), 1
event(key): Down 258 ..
<view(menuconf.config.1) [0, 1, 161, 2]>: mark as redraw
<view(menuconf.config.0) [0, 0, 161, 1]>: mark as redraw
<view(menuconf.config.0) [0, 0, 161, 1]>: draw (transparent: nil) ..
<view(menuconf.config.1) [0, 1, 161, 2]>: draw (transparent: nil) ..
<view(menuconf.config.0) [0, 0, 161, 1]>: refresh to mconfdialog.menuconf(0, 0, 161, 1) ..
<view(menuconf.config.1) [0, 1, 161, 2]>: refresh to mconfdialog.menuconf(0, 1, 161, 2) ..
<panel(mconfdialog.menuconf) [0, 0, 161, 36]>: refresh to window.panel(0, 0, 161, 36) ..
<panel(window.panel) [1, 1, 162, 37]>: refresh to window.frame(1, 1, 162, 37) ..
<panel(window.frame) [0, 0, 163, 38]>: refresh to boxdialog.box(0, 0, 163, 38) ..
<panel(boxdialog.box) [0, 3, 163, 41]>: refresh to window.panel(0, 3, 163, 41) ..
<panel(window.panel) [1, 1, 164, 43]>: refresh to window.frame(1, 1, 164, 43) ..
<panel(window.frame) [0, 0, 165, 44]>: refresh to app.config.mconfdialog(0, 0, 165, 44) ..
<panel(app.config.mconfdialog) [1, 1, 168, 46]>: refresh to app.config(1, 1, 168, 46) ..
<panel(app.config) [0, 0, 169, 47]>: refresh ..
cursor(<view(select) [35, 0, 45, 1]>): (37, 43), 1
event(key): Up 259 ..
<view(menuconf.config.0) [0, 0, 161, 1]>: mark as redraw
<view(menuconf.config.1) [0, 1, 161, 2]>: mark as redraw
<view(menuconf.config.0) [0, 0, 161, 1]>: draw (transparent: nil) ..
<view(menuconf.config.1) [0, 1, 161, 2]>: draw (transparent: nil) ..
<view(menuconf.config.0) [0, 0, 161, 1]>: refresh to mconfdialog.menuconf(0, 0, 161, 1) ..
<view(menuconf.config.1) [0, 1, 161, 2]>: refresh to mconfdialog.menuconf(0, 1, 161, 2) ..
<panel(mconfdialog.menuconf) [0, 0, 161, 36]>: refresh to window.panel(0, 0, 161, 36) ..
<panel(window.panel) [1, 1, 162, 37]>: refresh to window.frame(1, 1, 162, 37) ..
<panel(window.frame) [0, 0, 163, 38]>: refresh to boxdialog.box(0, 0, 163, 38) ..
<panel(boxdialog.box) [0, 3, 163, 41]>: refresh to window.panel(0, 3, 163, 41) ..
<panel(window.panel) [1, 1, 164, 43]>: refresh to window.frame(1, 1, 164, 43) ..
<panel(window.frame) [0, 0, 165, 44]>: refresh to app.config.mconfdialog(0, 0, 165, 44) ..
<panel(app.config.mconfdialog) [1, 1, 168, 46]>: refresh to app.config(1, 1, 168, 46) ..
<panel(app.config) [0, 0, 169, 47]>: refresh ..
cursor(<view(select) [35, 0, 45, 1]>): (37, 43), 1
event(key): Down 258 ..
<view(menuconf.config.1) [0, 1, 161, 2]>: mark as redraw
<view(menuconf.config.0) [0, 0, 161, 1]>: mark as redraw
<view(menuconf.config.0) [0, 0, 161, 1]>: draw (transparent: nil) ..
<view(menuconf.config.1) [0, 1, 161, 2]>: draw (transparent: nil) ..
<view(menuconf.config.0) [0, 0, 161, 1]>: refresh to mconfdialog.menuconf(0, 0, 161, 1) ..
<view(menuconf.config.1) [0, 1, 161, 2]>: refresh to mconfdialog.menuconf(0, 1, 161, 2) ..
<panel(mconfdialog.menuconf) [0, 0, 161, 36]>: refresh to window.panel(0, 0, 161, 36) ..
<panel(window.panel) [1, 1, 162, 37]>: refresh to window.frame(1, 1, 162, 37) ..
<panel(window.frame) [0, 0, 163, 38]>: refresh to boxdialog.box(0, 0, 163, 38) ..
<panel(boxdialog.box) [0, 3, 163, 41]>: refresh to window.panel(0, 3, 163, 41) ..
<panel(window.panel) [1, 1, 164, 43]>: refresh to window.frame(1, 1, 164, 43) ..
<panel(window.frame) [0, 0, 165, 44]>: refresh to app.config.mconfdialog(0, 0, 165, 44) ..
<panel(app.config.mconfdialog) [1, 1, 168, 46]>: refresh to app.config(1, 1, 168, 46) ..
<panel(app.config) [0, 0, 169, 47]>: refresh ..
cursor(<view(select) [35, 0, 45, 1]>): (37, 43), 1
event(key): Up 259 ..
<view(menuconf.config.0) [0, 0, 161, 1]>: mark as redraw
<view(menuconf.config.1) [0, 1, 161, 2]>: mark as redraw
<view(menuconf.config.0) [0, 0, 161, 1]>: draw (transparent: nil) ..
<view(menuconf.config.1) [0, 1, 161, 2]>: draw (transparent: nil) ..
<view(menuconf.config.0) [0, 0, 161, 1]>: refresh to mconfdialog.menuconf(0, 0, 161, 1) ..
<view(menuconf.config.1) [0, 1, 161, 2]>: refresh to mconfdialog.menuconf(0, 1, 161, 2) ..
<panel(mconfdialog.menuconf) [0, 0, 161, 36]>: refresh to window.panel(0, 0, 161, 36) ..
<panel(window.panel) [1, 1, 162, 37]>: refresh to window.frame(1, 1, 162, 37) ..
<panel(window.frame) [0, 0, 163, 38]>: refresh to boxdialog.box(0, 0, 163, 38) ..
<panel(boxdialog.box) [0, 3, 163, 41]>: refresh to window.panel(0, 3, 163, 41) ..
<panel(window.panel) [1, 1, 164, 43]>: refresh to window.frame(1, 1, 164, 43) ..
<panel(window.frame) [0, 0, 165, 44]>: refresh to app.config.mconfdialog(0, 0, 165, 44) ..
<panel(app.config.mconfdialog) [1, 1, 168, 46]>: refresh to app.config(1, 1, 168, 46) ..
<panel(app.config) [0, 0, 169, 47]>: refresh ..
cursor(<view(select) [35, 0, 45, 1]>): (37, 43), 1
event(key): Down 258 ..
<view(menuconf.config.1) [0, 1, 161, 2]>: mark as redraw
<view(menuconf.config.0) [0, 0, 161, 1]>: mark as redraw
<view(menuconf.config.0) [0, 0, 161, 1]>: draw (transparent: nil) ..
<view(menuconf.config.1) [0, 1, 161, 2]>: draw (transparent: nil) ..
<view(menuconf.config.0) [0, 0, 161, 1]>: refresh to mconfdialog.menuconf(0, 0, 161, 1) ..
<view(menuconf.config.1) [0, 1, 161, 2]>: refresh to mconfdialog.menuconf(0, 1, 161, 2) ..
<panel(mconfdialog.menuconf) [0, 0, 161, 36]>: refresh to window.panel(0, 0, 161, 36) ..
<panel(window.panel) [1, 1, 162, 37]>: refresh to window.frame(1, 1, 162, 37) ..
<panel(window.frame) [0, 0, 163, 38]>: refresh to boxdialog.box(0, 0, 163, 38) ..
<panel(boxdialog.box) [0, 3, 163, 41]>: refresh to window.panel(0, 3, 163, 41) ..
<panel(window.panel) [1, 1, 164, 43]>: refresh to window.frame(1, 1, 164, 43) ..
<panel(window.frame) [0, 0, 165, 44]>: refresh to app.config.mconfdialog(0, 0, 165, 44) ..
<panel(app.config.mconfdialog) [1, 1, 168, 46]>: refresh to app.config(1, 1, 168, 46) ..
<panel(app.config) [0, 0, 169, 47]>: refresh ..
cursor(<view(select) [35, 0, 45, 1]>): (37, 43), 1
event(key): Up 259 ..
<view(menuconf.config.0) [0, 0, 161, 1]>: mark as redraw
<view(menuconf.config.1) [0, 1, 161, 2]>: mark as redraw
<view(menuconf.config.0) [0, 0, 161, 1]>: draw (transparent: nil) ..
<view(menuconf.config.1) [0, 1, 161, 2]>: draw (transparent: nil) ..
<view(menuconf.config.0) [0, 0, 161, 1]>: refresh to mconfdialog.menuconf(0, 0, 161, 1) ..
<view(menuconf.config.1) [0, 1, 161, 2]>: refresh to mconfdialog.menuconf(0, 1, 161, 2) ..
<panel(mconfdialog.menuconf) [0, 0, 161, 36]>: refresh to window.panel(0, 0, 161, 36) ..
<panel(window.panel) [1, 1, 162, 37]>: refresh to window.frame(1, 1, 162, 37) ..
<panel(window.frame) [0, 0, 163, 38]>: refresh to boxdialog.box(0, 0, 163, 38) ..
<panel(boxdialog.box) [0, 3, 163, 41]>: refresh to window.panel(0, 3, 163, 41) ..
<panel(window.panel) [1, 1, 164, 43]>: refresh to window.frame(1, 1, 164, 43) ..
<panel(window.frame) [0, 0, 165, 44]>: refresh to app.config.mconfdialog(0, 0, 165, 44) ..
<panel(app.config.mconfdialog) [1, 1, 168, 46]>: refresh to app.config(1, 1, 168, 46) ..
<panel(app.config) [0, 0, 169, 47]>: refresh ..
cursor(<view(select) [35, 0, 45, 1]>): (37, 43), 1
event(key): Up 259 ..
<view(menuconf.config.1) [0, 1, 161, 2]>: mark as redraw
<view(menuconf.config.0) [0, 0, 161, 1]>: mark as redraw
<view(menuconf.config.0) [0, 0, 161, 1]>: draw (transparent: nil) ..
<view(menuconf.config.1) [0, 1, 161, 2]>: draw (transparent: nil) ..
<view(menuconf.config.0) [0, 0, 161, 1]>: refresh to mconfdialog.menuconf(0, 0, 161, 1) ..
<view(menuconf.config.1) [0, 1, 161, 2]>: refresh to mconfdialog.menuconf(0, 1, 161, 2) ..
<panel(mconfdialog.menuconf) [0, 0, 161, 36]>: refresh to window.panel(0, 0, 161, 36) ..
<panel(window.panel) [1, 1, 162, 37]>: refresh to window.frame(1, 1, 162, 37) ..
<panel(window.frame) [0, 0, 163, 38]>: refresh to boxdialog.box(0, 0, 163, 38) ..
<panel(boxdialog.box) [0, 3, 163, 41]>: refresh to window.panel(0, 3, 163, 41) ..
<panel(window.panel) [1, 1, 164, 43]>: refresh to window.frame(1, 1, 164, 43) ..
<panel(window.frame) [0, 0, 165, 44]>: refresh to app.config.mconfdialog(0, 0, 165, 44) ..
<panel(app.config.mconfdialog) [1, 1, 168, 46]>: refresh to app.config(1, 1, 168, 46) ..
<panel(app.config) [0, 0, 169, 47]>: refresh ..
cursor(<view(select) [35, 0, 45, 1]>): (37, 43), 1
event(key): Down 258 ..
<view(menuconf.config.0) [0, 0, 161, 1]>: mark as redraw
<view(menuconf.config.1) [0, 1, 161, 2]>: mark as redraw
<view(menuconf.config.0) [0, 0, 161, 1]>: draw (transparent: nil) ..
<view(menuconf.config.1) [0, 1, 161, 2]>: draw (transparent: nil) ..
<view(menuconf.config.0) [0, 0, 161, 1]>: refresh to mconfdialog.menuconf(0, 0, 161, 1) ..
<view(menuconf.config.1) [0, 1, 161, 2]>: refresh to mconfdialog.menuconf(0, 1, 161, 2) ..
<panel(mconfdialog.menuconf) [0, 0, 161, 36]>: refresh to window.panel(0, 0, 161, 36) ..
<panel(window.panel) [1, 1, 162, 37]>: refresh to window.frame(1, 1, 162, 37) ..
<panel(window.frame) [0, 0, 163, 38]>: refresh to boxdialog.box(0, 0, 163, 38) ..
<panel(boxdialog.box) [0, 3, 163, 41]>: refresh to window.panel(0, 3, 163, 41) ..
<panel(window.panel) [1, 1, 164, 43]>: refresh to window.frame(1, 1, 164, 43) ..
<panel(window.frame) [0, 0, 165, 44]>: refresh to app.config.mconfdialog(0, 0, 165, 44) ..
<panel(app.config.mconfdialog) [1, 1, 168, 46]>: refresh to app.config(1, 1, 168, 46) ..
<panel(app.config) [0, 0, 169, 47]>: refresh ..
cursor(<view(select) [35, 0, 45, 1]>): (37, 43), 1
event(key): Up 259 ..
<view(menuconf.config.1) [0, 1, 161, 2]>: mark as redraw
<view(menuconf.config.0) [0, 0, 161, 1]>: mark as redraw
<view(menuconf.config.0) [0, 0, 161, 1]>: draw (transparent: nil) ..
<view(menuconf.config.1) [0, 1, 161, 2]>: draw (transparent: nil) ..
<view(menuconf.config.0) [0, 0, 161, 1]>: refresh to mconfdialog.menuconf(0, 0, 161, 1) ..
<view(menuconf.config.1) [0, 1, 161, 2]>: refresh to mconfdialog.menuconf(0, 1, 161, 2) ..
<panel(mconfdialog.menuconf) [0, 0, 161, 36]>: refresh to window.panel(0, 0, 161, 36) ..
<panel(window.panel) [1, 1, 162, 37]>: refresh to window.frame(1, 1, 162, 37) ..
<panel(window.frame) [0, 0, 163, 38]>: refresh to boxdialog.box(0, 0, 163, 38) ..
<panel(boxdialog.box) [0, 3, 163, 41]>: refresh to window.panel(0, 3, 163, 41) ..
<panel(window.panel) [1, 1, 164, 43]>: refresh to window.frame(1, 1, 164, 43) ..
<panel(window.frame) [0, 0, 165, 44]>: refresh to app.config.mconfdialog(0, 0, 165, 44) ..
<panel(app.config.mconfdialog) [1, 1, 168, 46]>: refresh to app.config(1, 1, 168, 46) ..
<panel(app.config) [0, 0, 169, 47]>: refresh ..
cursor(<view(select) [35, 0, 45, 1]>): (37, 43), 1
event(key): Down 258 ..
<view(menuconf.config.0) [0, 0, 161, 1]>: mark as redraw
<view(menuconf.config.1) [0, 1, 161, 2]>: mark as redraw
<view(menuconf.config.0) [0, 0, 161, 1]>: draw (transparent: nil) ..
<view(menuconf.config.1) [0, 1, 161, 2]>: draw (transparent: nil) ..
<view(menuconf.config.0) [0, 0, 161, 1]>: refresh to mconfdialog.menuconf(0, 0, 161, 1) ..
<view(menuconf.config.1) [0, 1, 161, 2]>: refresh to mconfdialog.menuconf(0, 1, 161, 2) ..
<panel(mconfdialog.menuconf) [0, 0, 161, 36]>: refresh to window.panel(0, 0, 161, 36) ..
<panel(window.panel) [1, 1, 162, 37]>: refresh to window.frame(1, 1, 162, 37) ..
<panel(window.frame) [0, 0, 163, 38]>: refresh to boxdialog.box(0, 0, 163, 38) ..
<panel(boxdialog.box) [0, 3, 163, 41]>: refresh to window.panel(0, 3, 163, 41) ..
<panel(window.panel) [1, 1, 164, 43]>: refresh to window.frame(1, 1, 164, 43) ..
<panel(window.frame) [0, 0, 165, 44]>: refresh to app.config.mconfdialog(0, 0, 165, 44) ..
<panel(app.config.mconfdialog) [1, 1, 168, 46]>: refresh to app.config(1, 1, 168, 46) ..
<panel(app.config) [0, 0, 169, 47]>: refresh ..
cursor(<view(select) [35, 0, 45, 1]>): (37, 43), 1
event(key): Up 259 ..
<view(menuconf.config.1) [0, 1, 161, 2]>: mark as redraw
<view(menuconf.config.0) [0, 0, 161, 1]>: mark as redraw
<view(menuconf.config.0) [0, 0, 161, 1]>: draw (transparent: nil) ..
<view(menuconf.config.1) [0, 1, 161, 2]>: draw (transparent: nil) ..
<view(menuconf.config.0) [0, 0, 161, 1]>: refresh to mconfdialog.menuconf(0, 0, 161, 1) ..
<view(menuconf.config.1) [0, 1, 161, 2]>: refresh to mconfdialog.menuconf(0, 1, 161, 2) ..
<panel(mconfdialog.menuconf) [0, 0, 161, 36]>: refresh to window.panel(0, 0, 161, 36) ..
<panel(window.panel) [1, 1, 162, 37]>: refresh to window.frame(1, 1, 162, 37) ..
<panel(window.frame) [0, 0, 163, 38]>: refresh to boxdialog.box(0, 0, 163, 38) ..
<panel(boxdialog.box) [0, 3, 163, 41]>: refresh to window.panel(0, 3, 163, 41) ..
<panel(window.panel) [1, 1, 164, 43]>: refresh to window.frame(1, 1, 164, 43) ..
<panel(window.frame) [0, 0, 165, 44]>: refresh to app.config.mconfdialog(0, 0, 165, 44) ..
<panel(app.config.mconfdialog) [1, 1, 168, 46]>: refresh to app.config(1, 1, 168, 46) ..
<panel(app.config) [0, 0, 169, 47]>: refresh ..
cursor(<view(select) [35, 0, 45, 1]>): (37, 43), 1
event(key): Down 258 ..
<view(menuconf.config.0) [0, 0, 161, 1]>: mark as redraw
<view(menuconf.config.1) [0, 1, 161, 2]>: mark as redraw
<view(menuconf.config.0) [0, 0, 161, 1]>: draw (transparent: nil) ..
<view(menuconf.config.1) [0, 1, 161, 2]>: draw (transparent: nil) ..
<view(menuconf.config.0) [0, 0, 161, 1]>: refresh to mconfdialog.menuconf(0, 0, 161, 1) ..
<view(menuconf.config.1) [0, 1, 161, 2]>: refresh to mconfdialog.menuconf(0, 1, 161, 2) ..
<panel(mconfdialog.menuconf) [0, 0, 161, 36]>: refresh to window.panel(0, 0, 161, 36) ..
<panel(window.panel) [1, 1, 162, 37]>: refresh to window.frame(1, 1, 162, 37) ..
<panel(window.frame) [0, 0, 163, 38]>: refresh to boxdialog.box(0, 0, 163, 38) ..
<panel(boxdialog.box) [0, 3, 163, 41]>: refresh to window.panel(0, 3, 163, 41) ..
<panel(window.panel) [1, 1, 164, 43]>: refresh to window.frame(1, 1, 164, 43) ..
<panel(window.frame) [0, 0, 165, 44]>: refresh to app.config.mconfdialog(0, 0, 165, 44) ..
<panel(app.config.mconfdialog) [1, 1, 168, 46]>: refresh to app.config(1, 1, 168, 46) ..
<panel(app.config) [0, 0, 169, 47]>: refresh ..
cursor(<view(select) [35, 0, 45, 1]>): (37, 43), 1
event(key): Up 259 ..
<view(menuconf.config.1) [0, 1, 161, 2]>: mark as redraw
<view(menuconf.config.0) [0, 0, 161, 1]>: mark as redraw
<view(menuconf.config.0) [0, 0, 161, 1]>: draw (transparent: nil) ..
<view(menuconf.config.1) [0, 1, 161, 2]>: draw (transparent: nil) ..
<view(menuconf.config.0) [0, 0, 161, 1]>: refresh to mconfdialog.menuconf(0, 0, 161, 1) ..
<view(menuconf.config.1) [0, 1, 161, 2]>: refresh to mconfdialog.menuconf(0, 1, 161, 2) ..
<panel(mconfdialog.menuconf) [0, 0, 161, 36]>: refresh to window.panel(0, 0, 161, 36) ..
<panel(window.panel) [1, 1, 162, 37]>: refresh to window.frame(1, 1, 162, 37) ..
<panel(window.frame) [0, 0, 163, 38]>: refresh to boxdialog.box(0, 0, 163, 38) ..
<panel(boxdialog.box) [0, 3, 163, 41]>: refresh to window.panel(0, 3, 163, 41) ..
<panel(window.panel) [1, 1, 164, 43]>: refresh to window.frame(1, 1, 164, 43) ..
<panel(window.frame) [0, 0, 165, 44]>: refresh to app.config.mconfdialog(0, 0, 165, 44) ..
<panel(app.config.mconfdialog) [1, 1, 168, 46]>: refresh to app.config(1, 1, 168, 46) ..
<panel(app.config) [0, 0, 169, 47]>: refresh ..
cursor(<view(select) [35, 0, 45, 1]>): (37, 43), 1
event(key): Down 258 ..
<view(menuconf.config.0) [0, 0, 161, 1]>: mark as redraw
<view(menuconf.config.1) [0, 1, 161, 2]>: mark as redraw
<view(menuconf.config.0) [0, 0, 161, 1]>: draw (transparent: nil) ..
<view(menuconf.config.1) [0, 1, 161, 2]>: draw (transparent: nil) ..
<view(menuconf.config.0) [0, 0, 161, 1]>: refresh to mconfdialog.menuconf(0, 0, 161, 1) ..
<view(menuconf.config.1) [0, 1, 161, 2]>: refresh to mconfdialog.menuconf(0, 1, 161, 2) ..
<panel(mconfdialog.menuconf) [0, 0, 161, 36]>: refresh to window.panel(0, 0, 161, 36) ..
<panel(window.panel) [1, 1, 162, 37]>: refresh to window.frame(1, 1, 162, 37) ..
<panel(window.frame) [0, 0, 163, 38]>: refresh to boxdialog.box(0, 0, 163, 38) ..
<panel(boxdialog.box) [0, 3, 163, 41]>: refresh to window.panel(0, 3, 163, 41) ..
<panel(window.panel) [1, 1, 164, 43]>: refresh to window.frame(1, 1, 164, 43) ..
<panel(window.frame) [0, 0, 165, 44]>: refresh to app.config.mconfdialog(0, 0, 165, 44) ..
<panel(app.config.mconfdialog) [1, 1, 168, 46]>: refresh to app.config(1, 1, 168, 46) ..
<panel(app.config) [0, 0, 169, 47]>: refresh ..
cursor(<view(select) [35, 0, 45, 1]>): (37, 43), 1
event(key): Up 259 ..
<view(menuconf.config.1) [0, 1, 161, 2]>: mark as redraw
<view(menuconf.config.0) [0, 0, 161, 1]>: mark as redraw
<view(menuconf.config.0) [0, 0, 161, 1]>: draw (transparent: nil) ..
<view(menuconf.config.1) [0, 1, 161, 2]>: draw (transparent: nil) ..
<view(menuconf.config.0) [0, 0, 161, 1]>: refresh to mconfdialog.menuconf(0, 0, 161, 1) ..
<view(menuconf.config.1) [0, 1, 161, 2]>: refresh to mconfdialog.menuconf(0, 1, 161, 2) ..
<panel(mconfdialog.menuconf) [0, 0, 161, 36]>: refresh to window.panel(0, 0, 161, 36) ..
<panel(window.panel) [1, 1, 162, 37]>: refresh to window.frame(1, 1, 162, 37) ..
<panel(window.frame) [0, 0, 163, 38]>: refresh to boxdialog.box(0, 0, 163, 38) ..
<panel(boxdialog.box) [0, 3, 163, 41]>: refresh to window.panel(0, 3, 163, 41) ..
<panel(window.panel) [1, 1, 164, 43]>: refresh to window.frame(1, 1, 164, 43) ..
<panel(window.frame) [0, 0, 165, 44]>: refresh to app.config.mconfdialog(0, 0, 165, 44) ..
<panel(app.config.mconfdialog) [1, 1, 168, 46]>: refresh to app.config(1, 1, 168, 46) ..
<panel(app.config) [0, 0, 169, 47]>: refresh ..
cursor(<view(select) [35, 0, 45, 1]>): (37, 43), 1
event(key): Down 258 ..
<view(menuconf.config.0) [0, 0, 161, 1]>: mark as redraw
<view(menuconf.config.1) [0, 1, 161, 2]>: mark as redraw
<view(menuconf.config.0) [0, 0, 161, 1]>: draw (transparent: nil) ..
<view(menuconf.config.1) [0, 1, 161, 2]>: draw (transparent: nil) ..
<view(menuconf.config.0) [0, 0, 161, 1]>: refresh to mconfdialog.menuconf(0, 0, 161, 1) ..
<view(menuconf.config.1) [0, 1, 161, 2]>: refresh to mconfdialog.menuconf(0, 1, 161, 2) ..
<panel(mconfdialog.menuconf) [0, 0, 161, 36]>: refresh to window.panel(0, 0, 161, 36) ..
<panel(window.panel) [1, 1, 162, 37]>: refresh to window.frame(1, 1, 162, 37) ..
<panel(window.frame) [0, 0, 163, 38]>: refresh to boxdialog.box(0, 0, 163, 38) ..
<panel(boxdialog.box) [0, 3, 163, 41]>: refresh to window.panel(0, 3, 163, 41) ..
<panel(window.panel) [1, 1, 164, 43]>: refresh to window.frame(1, 1, 164, 43) ..
<panel(window.frame) [0, 0, 165, 44]>: refresh to app.config.mconfdialog(0, 0, 165, 44) ..
<panel(app.config.mconfdialog) [1, 1, 168, 46]>: refresh to app.config(1, 1, 168, 46) ..
<panel(app.config) [0, 0, 169, 47]>: refresh ..
cursor(<view(select) [35, 0, 45, 1]>): (37, 43), 1
event(key): Up 259 ..
<view(menuconf.config.1) [0, 1, 161, 2]>: mark as redraw
<view(menuconf.config.0) [0, 0, 161, 1]>: mark as redraw
<view(menuconf.config.0) [0, 0, 161, 1]>: draw (transparent: nil) ..
<view(menuconf.config.1) [0, 1, 161, 2]>: draw (transparent: nil) ..
<view(menuconf.config.0) [0, 0, 161, 1]>: refresh to mconfdialog.menuconf(0, 0, 161, 1) ..
<view(menuconf.config.1) [0, 1, 161, 2]>: refresh to mconfdialog.menuconf(0, 1, 161, 2) ..
<panel(mconfdialog.menuconf) [0, 0, 161, 36]>: refresh to window.panel(0, 0, 161, 36) ..
<panel(window.panel) [1, 1, 162, 37]>: refresh to window.frame(1, 1, 162, 37) ..
<panel(window.frame) [0, 0, 163, 38]>: refresh to boxdialog.box(0, 0, 163, 38) ..
<panel(boxdialog.box) [0, 3, 163, 41]>: refresh to window.panel(0, 3, 163, 41) ..
<panel(window.panel) [1, 1, 164, 43]>: refresh to window.frame(1, 1, 164, 43) ..
<panel(window.frame) [0, 0, 165, 44]>: refresh to app.config.mconfdialog(0, 0, 165, 44) ..
<panel(app.config.mconfdialog) [1, 1, 168, 46]>: refresh to app.config(1, 1, 168, 46) ..
<panel(app.config) [0, 0, 169, 47]>: refresh ..
cursor(<view(select) [35, 0, 45, 1]>): (37, 43), 1
event(key): Down 258 ..
<view(menuconf.config.0) [0, 0, 161, 1]>: mark as redraw
<view(menuconf.config.1) [0, 1, 161, 2]>: mark as redraw
<view(menuconf.config.0) [0, 0, 161, 1]>: draw (transparent: nil) ..
<view(menuconf.config.1) [0, 1, 161, 2]>: draw (transparent: nil) ..
<view(menuconf.config.0) [0, 0, 161, 1]>: refresh to mconfdialog.menuconf(0, 0, 161, 1) ..
<view(menuconf.config.1) [0, 1, 161, 2]>: refresh to mconfdialog.menuconf(0, 1, 161, 2) ..
<panel(mconfdialog.menuconf) [0, 0, 161, 36]>: refresh to window.panel(0, 0, 161, 36) ..
<panel(window.panel) [1, 1, 162, 37]>: refresh to window.frame(1, 1, 162, 37) ..
<panel(window.frame) [0, 0, 163, 38]>: refresh to boxdialog.box(0, 0, 163, 38) ..
<panel(boxdialog.box) [0, 3, 163, 41]>: refresh to window.panel(0, 3, 163, 41) ..
<panel(window.panel) [1, 1, 164, 43]>: refresh to window.frame(1, 1, 164, 43) ..
<panel(window.frame) [0, 0, 165, 44]>: refresh to app.config.mconfdialog(0, 0, 165, 44) ..
<panel(app.config.mconfdialog) [1, 1, 168, 46]>: refresh to app.config(1, 1, 168, 46) ..
<panel(app.config) [0, 0, 169, 47]>: refresh ..
cursor(<view(select) [35, 0, 45, 1]>): (37, 43), 1
event(key): Up 259 ..
<view(menuconf.config.1) [0, 1, 161, 2]>: mark as redraw
<view(menuconf.config.0) [0, 0, 161, 1]>: mark as redraw
<view(menuconf.config.0) [0, 0, 161, 1]>: draw (transparent: nil) ..
<view(menuconf.config.1) [0, 1, 161, 2]>: draw (transparent: nil) ..
<view(menuconf.config.0) [0, 0, 161, 1]>: refresh to mconfdialog.menuconf(0, 0, 161, 1) ..
<view(menuconf.config.1) [0, 1, 161, 2]>: refresh to mconfdialog.menuconf(0, 1, 161, 2) ..
<panel(mconfdialog.menuconf) [0, 0, 161, 36]>: refresh to window.panel(0, 0, 161, 36) ..
<panel(window.panel) [1, 1, 162, 37]>: refresh to window.frame(1, 1, 162, 37) ..
<panel(window.frame) [0, 0, 163, 38]>: refresh to boxdialog.box(0, 0, 163, 38) ..
<panel(boxdialog.box) [0, 3, 163, 41]>: refresh to window.panel(0, 3, 163, 41) ..
<panel(window.panel) [1, 1, 164, 43]>: refresh to window.frame(1, 1, 164, 43) ..
<panel(window.frame) [0, 0, 165, 44]>: refresh to app.config.mconfdialog(0, 0, 165, 44) ..
<panel(app.config.mconfdialog) [1, 1, 168, 46]>: refresh to app.config(1, 1, 168, 46) ..
<panel(app.config) [0, 0, 169, 47]>: refresh ..
cursor(<view(select) [35, 0, 45, 1]>): (37, 43), 1
event(key): Down 258 ..
<view(menuconf.config.0) [0, 0, 161, 1]>: mark as redraw
<view(menuconf.config.1) [0, 1, 161, 2]>: mark as redraw
<view(menuconf.config.0) [0, 0, 161, 1]>: draw (transparent: nil) ..
<view(menuconf.config.1) [0, 1, 161, 2]>: draw (transparent: nil) ..
<view(menuconf.config.0) [0, 0, 161, 1]>: refresh to mconfdialog.menuconf(0, 0, 161, 1) ..
<view(menuconf.config.1) [0, 1, 161, 2]>: refresh to mconfdialog.menuconf(0, 1, 161, 2) ..
<panel(mconfdialog.menuconf) [0, 0, 161, 36]>: refresh to window.panel(0, 0, 161, 36) ..
<panel(window.panel) [1, 1, 162, 37]>: refresh to window.frame(1, 1, 162, 37) ..
<panel(window.frame) [0, 0, 163, 38]>: refresh to boxdialog.box(0, 0, 163, 38) ..
<panel(boxdialog.box) [0, 3, 163, 41]>: refresh to window.panel(0, 3, 163, 41) ..
<panel(window.panel) [1, 1, 164, 43]>: refresh to window.frame(1, 1, 164, 43) ..
<panel(window.frame) [0, 0, 165, 44]>: refresh to app.config.mconfdialog(0, 0, 165, 44) ..
<panel(app.config.mconfdialog) [1, 1, 168, 46]>: refresh to app.config(1, 1, 168, 46) ..
<panel(app.config) [0, 0, 169, 47]>: refresh ..
cursor(<view(select) [35, 0, 45, 1]>): (37, 43), 1
event(key): Up 259 ..
<view(menuconf.config.1) [0, 1, 161, 2]>: mark as redraw
<view(menuconf.config.0) [0, 0, 161, 1]>: mark as redraw
<view(menuconf.config.0) [0, 0, 161, 1]>: draw (transparent: nil) ..
<view(menuconf.config.1) [0, 1, 161, 2]>: draw (transparent: nil) ..
<view(menuconf.config.0) [0, 0, 161, 1]>: refresh to mconfdialog.menuconf(0, 0, 161, 1) ..
<view(menuconf.config.1) [0, 1, 161, 2]>: refresh to mconfdialog.menuconf(0, 1, 161, 2) ..
<panel(mconfdialog.menuconf) [0, 0, 161, 36]>: refresh to window.panel(0, 0, 161, 36) ..
<panel(window.panel) [1, 1, 162, 37]>: refresh to window.frame(1, 1, 162, 37) ..
<panel(window.frame) [0, 0, 163, 38]>: refresh to boxdialog.box(0, 0, 163, 38) ..
<panel(boxdialog.box) [0, 3, 163, 41]>: refresh to window.panel(0, 3, 163, 41) ..
<panel(window.panel) [1, 1, 164, 43]>: refresh to window.frame(1, 1, 164, 43) ..
<panel(window.frame) [0, 0, 165, 44]>: refresh to app.config.mconfdialog(0, 0, 165, 44) ..
<panel(app.config.mconfdialog) [1, 1, 168, 46]>: refresh to app.config(1, 1, 168, 46) ..
<panel(app.config) [0, 0, 169, 47]>: refresh ..
cursor(<view(select) [35, 0, 45, 1]>): (37, 43), 1
event(key): Down 258 ..
<view(menuconf.config.0) [0, 0, 161, 1]>: mark as redraw
<view(menuconf.config.1) [0, 1, 161, 2]>: mark as redraw
<view(menuconf.config.0) [0, 0, 161, 1]>: draw (transparent: nil) ..
<view(menuconf.config.1) [0, 1, 161, 2]>: draw (transparent: nil) ..
<view(menuconf.config.0) [0, 0, 161, 1]>: refresh to mconfdialog.menuconf(0, 0, 161, 1) ..
<view(menuconf.config.1) [0, 1, 161, 2]>: refresh to mconfdialog.menuconf(0, 1, 161, 2) ..
<panel(mconfdialog.menuconf) [0, 0, 161, 36]>: refresh to window.panel(0, 0, 161, 36) ..
<panel(window.panel) [1, 1, 162, 37]>: refresh to window.frame(1, 1, 162, 37) ..
<panel(window.frame) [0, 0, 163, 38]>: refresh to boxdialog.box(0, 0, 163, 38) ..
<panel(boxdialog.box) [0, 3, 163, 41]>: refresh to window.panel(0, 3, 163, 41) ..
<panel(window.panel) [1, 1, 164, 43]>: refresh to window.frame(1, 1, 164, 43) ..
<panel(window.frame) [0, 0, 165, 44]>: refresh to app.config.mconfdialog(0, 0, 165, 44) ..
<panel(app.config.mconfdialog) [1, 1, 168, 46]>: refresh to app.config(1, 1, 168, 46) ..
<panel(app.config) [0, 0, 169, 47]>: refresh ..
cursor(<view(select) [35, 0, 45, 1]>): (37, 43), 1
event(key): Up 259 ..
<view(menuconf.config.1) [0, 1, 161, 2]>: mark as redraw
<view(menuconf.config.0) [0, 0, 161, 1]>: mark as redraw
<view(menuconf.config.0) [0, 0, 161, 1]>: draw (transparent: nil) ..
<view(menuconf.config.1) [0, 1, 161, 2]>: draw (transparent: nil) ..
<view(menuconf.config.0) [0, 0, 161, 1]>: refresh to mconfdialog.menuconf(0, 0, 161, 1) ..
<view(menuconf.config.1) [0, 1, 161, 2]>: refresh to mconfdialog.menuconf(0, 1, 161, 2) ..
<panel(mconfdialog.menuconf) [0, 0, 161, 36]>: refresh to window.panel(0, 0, 161, 36) ..
<panel(window.panel) [1, 1, 162, 37]>: refresh to window.frame(1, 1, 162, 37) ..
<panel(window.frame) [0, 0, 163, 38]>: refresh to boxdialog.box(0, 0, 163, 38) ..
<panel(boxdialog.box) [0, 3, 163, 41]>: refresh to window.panel(0, 3, 163, 41) ..
<panel(window.panel) [1, 1, 164, 43]>: refresh to window.frame(1, 1, 164, 43) ..
<panel(window.frame) [0, 0, 165, 44]>: refresh to app.config.mconfdialog(0, 0, 165, 44) ..
<panel(app.config.mconfdialog) [1, 1, 168, 46]>: refresh to app.config(1, 1, 168, 46) ..
<panel(app.config) [0, 0, 169, 47]>: refresh ..
cursor(<view(select) [35, 0, 45, 1]>): (37, 43), 1
event(key): Down 258 ..
<view(menuconf.config.0) [0, 0, 161, 1]>: mark as redraw
<view(menuconf.config.1) [0, 1, 161, 2]>: mark as redraw
<view(menuconf.config.0) [0, 0, 161, 1]>: draw (transparent: nil) ..
<view(menuconf.config.1) [0, 1, 161, 2]>: draw (transparent: nil) ..
<view(menuconf.config.0) [0, 0, 161, 1]>: refresh to mconfdialog.menuconf(0, 0, 161, 1) ..
<view(menuconf.config.1) [0, 1, 161, 2]>: refresh to mconfdialog.menuconf(0, 1, 161, 2) ..
<panel(mconfdialog.menuconf) [0, 0, 161, 36]>: refresh to window.panel(0, 0, 161, 36) ..
<panel(window.panel) [1, 1, 162, 37]>: refresh to window.frame(1, 1, 162, 37) ..
<panel(window.frame) [0, 0, 163, 38]>: refresh to boxdialog.box(0, 0, 163, 38) ..
<panel(boxdialog.box) [0, 3, 163, 41]>: refresh to window.panel(0, 3, 163, 41) ..
<panel(window.panel) [1, 1, 164, 43]>: refresh to window.frame(1, 1, 164, 43) ..
<panel(window.frame) [0, 0, 165, 44]>: refresh to app.config.mconfdialog(0, 0, 165, 44) ..
<panel(app.config.mconfdialog) [1, 1, 168, 46]>: refresh to app.config(1, 1, 168, 46) ..
<panel(app.config) [0, 0, 169, 47]>: refresh ..
cursor(<view(select) [35, 0, 45, 1]>): (37, 43), 1
event(key): Down 258 ..
<view(menuconf.config.1) [0, 1, 161, 2]>: mark as redraw
<view(menuconf.config.0) [0, 0, 161, 1]>: mark as redraw
<view(menuconf.config.0) [0, 0, 161, 1]>: draw (transparent: nil) ..
<view(menuconf.config.1) [0, 1, 161, 2]>: draw (transparent: nil) ..
<view(menuconf.config.0) [0, 0, 161, 1]>: refresh to mconfdialog.menuconf(0, 0, 161, 1) ..
<view(menuconf.config.1) [0, 1, 161, 2]>: refresh to mconfdialog.menuconf(0, 1, 161, 2) ..
<panel(mconfdialog.menuconf) [0, 0, 161, 36]>: refresh to window.panel(0, 0, 161, 36) ..
<panel(window.panel) [1, 1, 162, 37]>: refresh to window.frame(1, 1, 162, 37) ..
<panel(window.frame) [0, 0, 163, 38]>: refresh to boxdialog.box(0, 0, 163, 38) ..
<panel(boxdialog.box) [0, 3, 163, 41]>: refresh to window.panel(0, 3, 163, 41) ..
<panel(window.panel) [1, 1, 164, 43]>: refresh to window.frame(1, 1, 164, 43) ..
<panel(window.frame) [0, 0, 165, 44]>: refresh to app.config.mconfdialog(0, 0, 165, 44) ..
<panel(app.config.mconfdialog) [1, 1, 168, 46]>: refresh to app.config(1, 1, 168, 46) ..
<panel(app.config) [0, 0, 169, 47]>: refresh ..
cursor(<view(select) [35, 0, 45, 1]>): (37, 43), 1
event(key): Up 259 ..
<view(menuconf.config.0) [0, 0, 161, 1]>: mark as redraw
<view(menuconf.config.1) [0, 1, 161, 2]>: mark as redraw
<view(menuconf.config.0) [0, 0, 161, 1]>: draw (transparent: nil) ..
<view(menuconf.config.1) [0, 1, 161, 2]>: draw (transparent: nil) ..
<view(menuconf.config.0) [0, 0, 161, 1]>: refresh to mconfdialog.menuconf(0, 0, 161, 1) ..
<view(menuconf.config.1) [0, 1, 161, 2]>: refresh to mconfdialog.menuconf(0, 1, 161, 2) ..
<panel(mconfdialog.menuconf) [0, 0, 161, 36]>: refresh to window.panel(0, 0, 161, 36) ..
<panel(window.panel) [1, 1, 162, 37]>: refresh to window.frame(1, 1, 162, 37) ..
<panel(window.frame) [0, 0, 163, 38]>: refresh to boxdialog.box(0, 0, 163, 38) ..
<panel(boxdialog.box) [0, 3, 163, 41]>: refresh to window.panel(0, 3, 163, 41) ..
<panel(window.panel) [1, 1, 164, 43]>: refresh to window.frame(1, 1, 164, 43) ..
<panel(window.frame) [0, 0, 165, 44]>: refresh to app.config.mconfdialog(0, 0, 165, 44) ..
<panel(app.config.mconfdialog) [1, 1, 168, 46]>: refresh to app.config(1, 1, 168, 46) ..
<panel(app.config) [0, 0, 169, 47]>: refresh ..
cursor(<view(select) [35, 0, 45, 1]>): (37, 43), 1
event(key): Down 258 ..
<view(menuconf.config.1) [0, 1, 161, 2]>: mark as redraw
<view(menuconf.config.0) [0, 0, 161, 1]>: mark as redraw
<view(menuconf.config.0) [0, 0, 161, 1]>: draw (transparent: nil) ..
<view(menuconf.config.1) [0, 1, 161, 2]>: draw (transparent: nil) ..
<view(menuconf.config.0) [0, 0, 161, 1]>: refresh to mconfdialog.menuconf(0, 0, 161, 1) ..
<view(menuconf.config.1) [0, 1, 161, 2]>: refresh to mconfdialog.menuconf(0, 1, 161, 2) ..
<panel(mconfdialog.menuconf) [0, 0, 161, 36]>: refresh to window.panel(0, 0, 161, 36) ..
<panel(window.panel) [1, 1, 162, 37]>: refresh to window.frame(1, 1, 162, 37) ..
<panel(window.frame) [0, 0, 163, 38]>: refresh to boxdialog.box(0, 0, 163, 38) ..
<panel(boxdialog.box) [0, 3, 163, 41]>: refresh to window.panel(0, 3, 163, 41) ..
<panel(window.panel) [1, 1, 164, 43]>: refresh to window.frame(1, 1, 164, 43) ..
<panel(window.frame) [0, 0, 165, 44]>: refresh to app.config.mconfdialog(0, 0, 165, 44) ..
<panel(app.config.mconfdialog) [1, 1, 168, 46]>: refresh to app.config(1, 1, 168, 46) ..
<panel(app.config) [0, 0, 169, 47]>: refresh ..
cursor(<view(select) [35, 0, 45, 1]>): (37, 43), 1
event(key): Up 259 ..
<view(menuconf.config.0) [0, 0, 161, 1]>: mark as redraw
<view(menuconf.config.1) [0, 1, 161, 2]>: mark as redraw
<view(menuconf.config.0) [0, 0, 161, 1]>: draw (transparent: nil) ..
<view(menuconf.config.1) [0, 1, 161, 2]>: draw (transparent: nil) ..
<view(menuconf.config.0) [0, 0, 161, 1]>: refresh to mconfdialog.menuconf(0, 0, 161, 1) ..
<view(menuconf.config.1) [0, 1, 161, 2]>: refresh to mconfdialog.menuconf(0, 1, 161, 2) ..
<panel(mconfdialog.menuconf) [0, 0, 161, 36]>: refresh to window.panel(0, 0, 161, 36) ..
<panel(window.panel) [1, 1, 162, 37]>: refresh to window.frame(1, 1, 162, 37) ..
<panel(window.frame) [0, 0, 163, 38]>: refresh to boxdialog.box(0, 0, 163, 38) ..
<panel(boxdialog.box) [0, 3, 163, 41]>: refresh to window.panel(0, 3, 163, 41) ..
<panel(window.panel) [1, 1, 164, 43]>: refresh to window.frame(1, 1, 164, 43) ..
<panel(window.frame) [0, 0, 165, 44]>: refresh to app.config.mconfdialog(0, 0, 165, 44) ..
<panel(app.config.mconfdialog) [1, 1, 168, 46]>: refresh to app.config(1, 1, 168, 46) ..
<panel(app.config) [0, 0, 169, 47]>: refresh ..
cursor(<view(select) [35, 0, 45, 1]>): (37, 43), 1
event(key): Down 258 ..
<view(menuconf.config.1) [0, 1, 161, 2]>: mark as redraw
<view(menuconf.config.0) [0, 0, 161, 1]>: mark as redraw
<view(menuconf.config.0) [0, 0, 161, 1]>: draw (transparent: nil) ..
<view(menuconf.config.1) [0, 1, 161, 2]>: draw (transparent: nil) ..
<view(menuconf.config.0) [0, 0, 161, 1]>: refresh to mconfdialog.menuconf(0, 0, 161, 1) ..
<view(menuconf.config.1) [0, 1, 161, 2]>: refresh to mconfdialog.menuconf(0, 1, 161, 2) ..
<panel(mconfdialog.menuconf) [0, 0, 161, 36]>: refresh to window.panel(0, 0, 161, 36) ..
<panel(window.panel) [1, 1, 162, 37]>: refresh to window.frame(1, 1, 162, 37) ..
<panel(window.frame) [0, 0, 163, 38]>: refresh to boxdialog.box(0, 0, 163, 38) ..
<panel(boxdialog.box) [0, 3, 163, 41]>: refresh to window.panel(0, 3, 163, 41) ..
<panel(window.panel) [1, 1, 164, 43]>: refresh to window.frame(1, 1, 164, 43) ..
<panel(window.frame) [0, 0, 165, 44]>: refresh to app.config.mconfdialog(0, 0, 165, 44) ..
<panel(app.config.mconfdialog) [1, 1, 168, 46]>: refresh to app.config(1, 1, 168, 46) ..
<panel(app.config) [0, 0, 169, 47]>: refresh ..
cursor(<view(select) [35, 0, 45, 1]>): (37, 43), 1
event(key): Up 259 ..
<view(menuconf.config.0) [0, 0, 161, 1]>: mark as redraw
<view(menuconf.config.1) [0, 1, 161, 2]>: mark as redraw
<view(menuconf.config.0) [0, 0, 161, 1]>: draw (transparent: nil) ..
<view(menuconf.config.1) [0, 1, 161, 2]>: draw (transparent: nil) ..
<view(menuconf.config.0) [0, 0, 161, 1]>: refresh to mconfdialog.menuconf(0, 0, 161, 1) ..
<view(menuconf.config.1) [0, 1, 161, 2]>: refresh to mconfdialog.menuconf(0, 1, 161, 2) ..
<panel(mconfdialog.menuconf) [0, 0, 161, 36]>: refresh to window.panel(0, 0, 161, 36) ..
<panel(window.panel) [1, 1, 162, 37]>: refresh to window.frame(1, 1, 162, 37) ..
<panel(window.frame) [0, 0, 163, 38]>: refresh to boxdialog.box(0, 0, 163, 38) ..
<panel(boxdialog.box) [0, 3, 163, 41]>: refresh to window.panel(0, 3, 163, 41) ..
<panel(window.panel) [1, 1, 164, 43]>: refresh to window.frame(1, 1, 164, 43) ..
<panel(window.frame) [0, 0, 165, 44]>: refresh to app.config.mconfdialog(0, 0, 165, 44) ..
<panel(app.config.mconfdialog) [1, 1, 168, 46]>: refresh to app.config(1, 1, 168, 46) ..
<panel(app.config) [0, 0, 169, 47]>: refresh ..
cursor(<view(select) [35, 0, 45, 1]>): (37, 43), 1
event(key): Down 258 ..
<view(menuconf.config.1) [0, 1, 161, 2]>: mark as redraw
<view(menuconf.config.0) [0, 0, 161, 1]>: mark as redraw
<view(menuconf.config.0) [0, 0, 161, 1]>: draw (transparent: nil) ..
<view(menuconf.config.1) [0, 1, 161, 2]>: draw (transparent: nil) ..
<view(menuconf.config.0) [0, 0, 161, 1]>: refresh to mconfdialog.menuconf(0, 0, 161, 1) ..
<view(menuconf.config.1) [0, 1, 161, 2]>: refresh to mconfdialog.menuconf(0, 1, 161, 2) ..
<panel(mconfdialog.menuconf) [0, 0, 161, 36]>: refresh to window.panel(0, 0, 161, 36) ..
<panel(window.panel) [1, 1, 162, 37]>: refresh to window.frame(1, 1, 162, 37) ..
<panel(window.frame) [0, 0, 163, 38]>: refresh to boxdialog.box(0, 0, 163, 38) ..
<panel(boxdialog.box) [0, 3, 163, 41]>: refresh to window.panel(0, 3, 163, 41) ..
<panel(window.panel) [1, 1, 164, 43]>: refresh to window.frame(1, 1, 164, 43) ..
<panel(window.frame) [0, 0, 165, 44]>: refresh to app.config.mconfdialog(0, 0, 165, 44) ..
<panel(app.config.mconfdialog) [1, 1, 168, 46]>: refresh to app.config(1, 1, 168, 46) ..
<panel(app.config) [0, 0, 169, 47]>: refresh ..
cursor(<view(select) [35, 0, 45, 1]>): (37, 43), 1
event(key): Up 259 ..
<view(menuconf.config.0) [0, 0, 161, 1]>: mark as redraw
<view(menuconf.config.1) [0, 1, 161, 2]>: mark as redraw
<view(menuconf.config.0) [0, 0, 161, 1]>: draw (transparent: nil) ..
<view(menuconf.config.1) [0, 1, 161, 2]>: draw (transparent: nil) ..
<view(menuconf.config.0) [0, 0, 161, 1]>: refresh to mconfdialog.menuconf(0, 0, 161, 1) ..
<view(menuconf.config.1) [0, 1, 161, 2]>: refresh to mconfdialog.menuconf(0, 1, 161, 2) ..
<panel(mconfdialog.menuconf) [0, 0, 161, 36]>: refresh to window.panel(0, 0, 161, 36) ..
<panel(window.panel) [1, 1, 162, 37]>: refresh to window.frame(1, 1, 162, 37) ..
<panel(window.frame) [0, 0, 163, 38]>: refresh to boxdialog.box(0, 0, 163, 38) ..
<panel(boxdialog.box) [0, 3, 163, 41]>: refresh to window.panel(0, 3, 163, 41) ..
<panel(window.panel) [1, 1, 164, 43]>: refresh to window.frame(1, 1, 164, 43) ..
<panel(window.frame) [0, 0, 165, 44]>: refresh to app.config.mconfdialog(0, 0, 165, 44) ..
<panel(app.config.mconfdialog) [1, 1, 168, 46]>: refresh to app.config(1, 1, 168, 46) ..
<panel(app.config) [0, 0, 169, 47]>: refresh ..
cursor(<view(select) [35, 0, 45, 1]>): (37, 43), 1
event(key): Down 258 ..
<view(menuconf.config.1) [0, 1, 161, 2]>: mark as redraw
<view(menuconf.config.0) [0, 0, 161, 1]>: mark as redraw
<view(menuconf.config.0) [0, 0, 161, 1]>: draw (transparent: nil) ..
<view(menuconf.config.1) [0, 1, 161, 2]>: draw (transparent: nil) ..
<view(menuconf.config.0) [0, 0, 161, 1]>: refresh to mconfdialog.menuconf(0, 0, 161, 1) ..
<view(menuconf.config.1) [0, 1, 161, 2]>: refresh to mconfdialog.menuconf(0, 1, 161, 2) ..
<panel(mconfdialog.menuconf) [0, 0, 161, 36]>: refresh to window.panel(0, 0, 161, 36) ..
<panel(window.panel) [1, 1, 162, 37]>: refresh to window.frame(1, 1, 162, 37) ..
<panel(window.frame) [0, 0, 163, 38]>: refresh to boxdialog.box(0, 0, 163, 38) ..
<panel(boxdialog.box) [0, 3, 163, 41]>: refresh to window.panel(0, 3, 163, 41) ..
<panel(window.panel) [1, 1, 164, 43]>: refresh to window.frame(1, 1, 164, 43) ..
<panel(window.frame) [0, 0, 165, 44]>: refresh to app.config.mconfdialog(0, 0, 165, 44) ..
<panel(app.config.mconfdialog) [1, 1, 168, 46]>: refresh to app.config(1, 1, 168, 46) ..
<panel(app.config) [0, 0, 169, 47]>: refresh ..
cursor(<view(select) [35, 0, 45, 1]>): (37, 43), 1
event(key): Up 259 ..
<view(menuconf.config.0) [0, 0, 161, 1]>: mark as redraw
<view(menuconf.config.1) [0, 1, 161, 2]>: mark as redraw
<view(menuconf.config.0) [0, 0, 161, 1]>: draw (transparent: nil) ..
<view(menuconf.config.1) [0, 1, 161, 2]>: draw (transparent: nil) ..
<view(menuconf.config.0) [0, 0, 161, 1]>: refresh to mconfdialog.menuconf(0, 0, 161, 1) ..
<view(menuconf.config.1) [0, 1, 161, 2]>: refresh to mconfdialog.menuconf(0, 1, 161, 2) ..
<panel(mconfdialog.menuconf) [0, 0, 161, 36]>: refresh to window.panel(0, 0, 161, 36) ..
<panel(window.panel) [1, 1, 162, 37]>: refresh to window.frame(1, 1, 162, 37) ..
<panel(window.frame) [0, 0, 163, 38]>: refresh to boxdialog.box(0, 0, 163, 38) ..
<panel(boxdialog.box) [0, 3, 163, 41]>: refresh to window.panel(0, 3, 163, 41) ..
<panel(window.panel) [1, 1, 164, 43]>: refresh to window.frame(1, 1, 164, 43) ..
<panel(window.frame) [0, 0, 165, 44]>: refresh to app.config.mconfdialog(0, 0, 165, 44) ..
<panel(app.config.mconfdialog) [1, 1, 168, 46]>: refresh to app.config(1, 1, 168, 46) ..
<panel(app.config) [0, 0, 169, 47]>: refresh ..
cursor(<view(select) [35, 0, 45, 1]>): (37, 43), 1
event(key): Down 258 ..
<view(menuconf.config.1) [0, 1, 161, 2]>: mark as redraw
<view(menuconf.config.0) [0, 0, 161, 1]>: mark as redraw
<view(menuconf.config.0) [0, 0, 161, 1]>: draw (transparent: nil) ..
<view(menuconf.config.1) [0, 1, 161, 2]>: draw (transparent: nil) ..
<view(menuconf.config.0) [0, 0, 161, 1]>: refresh to mconfdialog.menuconf(0, 0, 161, 1) ..
<view(menuconf.config.1) [0, 1, 161, 2]>: refresh to mconfdialog.menuconf(0, 1, 161, 2) ..
<panel(mconfdialog.menuconf) [0, 0, 161, 36]>: refresh to window.panel(0, 0, 161, 36) ..
<panel(window.panel) [1, 1, 162, 37]>: refresh to window.frame(1, 1, 162, 37) ..
<panel(window.frame) [0, 0, 163, 38]>: refresh to boxdialog.box(0, 0, 163, 38) ..
<panel(boxdialog.box) [0, 3, 163, 41]>: refresh to window.panel(0, 3, 163, 41) ..
<panel(window.panel) [1, 1, 164, 43]>: refresh to window.frame(1, 1, 164, 43) ..
<panel(window.frame) [0, 0, 165, 44]>: refresh to app.config.mconfdialog(0, 0, 165, 44) ..
<panel(app.config.mconfdialog) [1, 1, 168, 46]>: refresh to app.config(1, 1, 168, 46) ..
<panel(app.config) [0, 0, 169, 47]>: refresh ..
cursor(<view(select) [35, 0, 45, 1]>): (37, 43), 1
event(key): Right 261 ..
<view(select) [35, 0, 45, 1]>: mark as redraw
<view(back) [56, 0, 64, 1]>: mark as redraw
<view(select) [35, 0, 45, 1]>: draw (transparent: nil) ..
<view(back) [56, 0, 64, 1]>: draw (transparent: nil) ..
<view(select) [35, 0, 45, 1]>: refresh to dialog.buttons(35, 0, 45, 1) ..
<view(back) [56, 0, 64, 1]>: refresh to dialog.buttons(56, 0, 64, 1) ..
<panel(dialog.buttons) [0, 41, 163, 42]>: refresh to window.panel(0, 41, 163, 42) ..
<panel(window.panel) [1, 1, 164, 43]>: refresh to window.frame(1, 1, 164, 43) ..
<panel(window.frame) [0, 0, 165, 44]>: refresh to app.config.mconfdialog(0, 0, 165, 44) ..
<panel(app.config.mconfdialog) [1, 1, 168, 46]>: refresh to app.config(1, 1, 168, 46) ..
<panel(app.config) [0, 0, 169, 47]>: refresh ..
cursor(<view(back) [56, 0, 64, 1]>): (58, 43), 1
event(key): Right 261 ..
<view(back) [56, 0, 64, 1]>: mark as redraw
<view(exit) [76, 0, 84, 1]>: mark as redraw
<view(back) [56, 0, 64, 1]>: draw (transparent: nil) ..
<view(exit) [76, 0, 84, 1]>: draw (transparent: nil) ..
<view(back) [56, 0, 64, 1]>: refresh to dialog.buttons(56, 0, 64, 1) ..
<view(exit) [76, 0, 84, 1]>: refresh to dialog.buttons(76, 0, 84, 1) ..
<panel(dialog.buttons) [0, 41, 163, 42]>: refresh to window.panel(0, 41, 163, 42) ..
<panel(window.panel) [1, 1, 164, 43]>: refresh to window.frame(1, 1, 164, 43) ..
<panel(window.frame) [0, 0, 165, 44]>: refresh to app.config.mconfdialog(0, 0, 165, 44) ..
<panel(app.config.mconfdialog) [1, 1, 168, 46]>: refresh to app.config(1, 1, 168, 46) ..
<panel(app.config) [0, 0, 169, 47]>: refresh ..
cursor(<view(exit) [76, 0, 84, 1]>): (78, 43), 1
event(key): Left 260 ..
<view(exit) [76, 0, 84, 1]>: mark as redraw
<view(back) [56, 0, 64, 1]>: mark as redraw
<view(back) [56, 0, 64, 1]>: draw (transparent: nil) ..
<view(exit) [76, 0, 84, 1]>: draw (transparent: nil) ..
<view(back) [56, 0, 64, 1]>: refresh to dialog.buttons(56, 0, 64, 1) ..
<view(exit) [76, 0, 84, 1]>: refresh to dialog.buttons(76, 0, 84, 1) ..
<panel(dialog.buttons) [0, 41, 163, 42]>: refresh to window.panel(0, 41, 163, 42) ..
<panel(window.panel) [1, 1, 164, 43]>: refresh to window.frame(1, 1, 164, 43) ..
<panel(window.frame) [0, 0, 165, 44]>: refresh to app.config.mconfdialog(0, 0, 165, 44) ..
<panel(app.config.mconfdialog) [1, 1, 168, 46]>: refresh to app.config(1, 1, 168, 46) ..
<panel(app.config) [0, 0, 169, 47]>: refresh ..
cursor(<view(back) [56, 0, 64, 1]>): (58, 43), 1
event(key): Right 261 ..
<view(back) [56, 0, 64, 1]>: mark as redraw
<view(exit) [76, 0, 84, 1]>: mark as redraw
<view(back) [56, 0, 64, 1]>: draw (transparent: nil) ..
<view(exit) [76, 0, 84, 1]>: draw (transparent: nil) ..
<view(back) [56, 0, 64, 1]>: refresh to dialog.buttons(56, 0, 64, 1) ..
<view(exit) [76, 0, 84, 1]>: refresh to dialog.buttons(76, 0, 84, 1) ..
<panel(dialog.buttons) [0, 41, 163, 42]>: refresh to window.panel(0, 41, 163, 42) ..
<panel(window.panel) [1, 1, 164, 43]>: refresh to window.frame(1, 1, 164, 43) ..
<panel(window.frame) [0, 0, 165, 44]>: refresh to app.config.mconfdialog(0, 0, 165, 44) ..
<panel(app.config.mconfdialog) [1, 1, 168, 46]>: refresh to app.config(1, 1, 168, 46) ..
<panel(app.config) [0, 0, 169, 47]>: refresh ..
cursor(<view(exit) [76, 0, 84, 1]>): (78, 43), 1
event(key): Right 261 ..
<view(exit) [76, 0, 84, 1]>: mark as redraw
<view(help) [96, 0, 104, 1]>: mark as redraw
<view(exit) [76, 0, 84, 1]>: draw (transparent: nil) ..
<view(help) [96, 0, 104, 1]>: draw (transparent: nil) ..
<view(exit) [76, 0, 84, 1]>: refresh to dialog.buttons(76, 0, 84, 1) ..
<view(help) [96, 0, 104, 1]>: refresh to dialog.buttons(96, 0, 104, 1) ..
<panel(dialog.buttons) [0, 41, 163, 42]>: refresh to window.panel(0, 41, 163, 42) ..
<panel(window.panel) [1, 1, 164, 43]>: refresh to window.frame(1, 1, 164, 43) ..
<panel(window.frame) [0, 0, 165, 44]>: refresh to app.config.mconfdialog(0, 0, 165, 44) ..
<panel(app.config.mconfdialog) [1, 1, 168, 46]>: refresh to app.config(1, 1, 168, 46) ..
<panel(app.config) [0, 0, 169, 47]>: refresh ..
cursor(<view(help) [96, 0, 104, 1]>): (98, 43), 1
event(key): Right 261 ..
<view(help) [96, 0, 104, 1]>: mark as redraw
<view(save) [116, 0, 124, 1]>: mark as redraw
<view(help) [96, 0, 104, 1]>: draw (transparent: nil) ..
<view(save) [116, 0, 124, 1]>: draw (transparent: nil) ..
<view(help) [96, 0, 104, 1]>: refresh to dialog.buttons(96, 0, 104, 1) ..
<view(save) [116, 0, 124, 1]>: refresh to dialog.buttons(116, 0, 124, 1) ..
<panel(dialog.buttons) [0, 41, 163, 42]>: refresh to window.panel(0, 41, 163, 42) ..
<panel(window.panel) [1, 1, 164, 43]>: refresh to window.frame(1, 1, 164, 43) ..
<panel(window.frame) [0, 0, 165, 44]>: refresh to app.config.mconfdialog(0, 0, 165, 44) ..
<panel(app.config.mconfdialog) [1, 1, 168, 46]>: refresh to app.config(1, 1, 168, 46) ..
<panel(app.config) [0, 0, 169, 47]>: refresh ..
cursor(<view(save) [116, 0, 124, 1]>): (118, 43), 1
event(key): Right 261 ..
<view(save) [116, 0, 124, 1]>: mark as redraw
<view(select) [35, 0, 45, 1]>: mark as redraw
<view(select) [35, 0, 45, 1]>: draw (transparent: nil) ..
<view(save) [116, 0, 124, 1]>: draw (transparent: nil) ..
<view(select) [35, 0, 45, 1]>: refresh to dialog.buttons(35, 0, 45, 1) ..
<view(save) [116, 0, 124, 1]>: refresh to dialog.buttons(116, 0, 124, 1) ..
<panel(dialog.buttons) [0, 41, 163, 42]>: refresh to window.panel(0, 41, 163, 42) ..
<panel(window.panel) [1, 1, 164, 43]>: refresh to window.frame(1, 1, 164, 43) ..
<panel(window.frame) [0, 0, 165, 44]>: refresh to app.config.mconfdialog(0, 0, 165, 44) ..
<panel(app.config.mconfdialog) [1, 1, 168, 46]>: refresh to app.config(1, 1, 168, 46) ..
<panel(app.config) [0, 0, 169, 47]>: refresh ..
cursor(<view(select) [35, 0, 45, 1]>): (37, 43), 1
event(key): Left 260 ..
<view(select) [35, 0, 45, 1]>: mark as redraw
<view(save) [116, 0, 124, 1]>: mark as redraw
<view(select) [35, 0, 45, 1]>: draw (transparent: nil) ..
<view(save) [116, 0, 124, 1]>: draw (transparent: nil) ..
<view(select) [35, 0, 45, 1]>: refresh to dialog.buttons(35, 0, 45, 1) ..
<view(save) [116, 0, 124, 1]>: refresh to dialog.buttons(116, 0, 124, 1) ..
<panel(dialog.buttons) [0, 41, 163, 42]>: refresh to window.panel(0, 41, 163, 42) ..
<panel(window.panel) [1, 1, 164, 43]>: refresh to window.frame(1, 1, 164, 43) ..
<panel(window.frame) [0, 0, 165, 44]>: refresh to app.config.mconfdialog(0, 0, 165, 44) ..
<panel(app.config.mconfdialog) [1, 1, 168, 46]>: refresh to app.config(1, 1, 168, 46) ..
<panel(app.config) [0, 0, 169, 47]>: refresh ..
cursor(<view(save) [116, 0, 124, 1]>): (118, 43), 1
event(key): Left 260 ..
<view(save) [116, 0, 124, 1]>: mark as redraw
<view(help) [96, 0, 104, 1]>: mark as redraw
<view(help) [96, 0, 104, 1]>: draw (transparent: nil) ..
<view(save) [116, 0, 124, 1]>: draw (transparent: nil) ..
<view(help) [96, 0, 104, 1]>: refresh to dialog.buttons(96, 0, 104, 1) ..
<view(save) [116, 0, 124, 1]>: refresh to dialog.buttons(116, 0, 124, 1) ..
<panel(dialog.buttons) [0, 41, 163, 42]>: refresh to window.panel(0, 41, 163, 42) ..
<panel(window.panel) [1, 1, 164, 43]>: refresh to window.frame(1, 1, 164, 43) ..
<panel(window.frame) [0, 0, 165, 44]>: refresh to app.config.mconfdialog(0, 0, 165, 44) ..
<panel(app.config.mconfdialog) [1, 1, 168, 46]>: refresh to app.config(1, 1, 168, 46) ..
<panel(app.config) [0, 0, 169, 47]>: refresh ..
cursor(<view(help) [96, 0, 104, 1]>): (98, 43), 1
event(key): Left 260 ..
<view(help) [96, 0, 104, 1]>: mark as redraw
<view(exit) [76, 0, 84, 1]>: mark as redraw
<view(exit) [76, 0, 84, 1]>: draw (transparent: nil) ..
<view(help) [96, 0, 104, 1]>: draw (transparent: nil) ..
<view(exit) [76, 0, 84, 1]>: refresh to dialog.buttons(76, 0, 84, 1) ..
<view(help) [96, 0, 104, 1]>: refresh to dialog.buttons(96, 0, 104, 1) ..
<panel(dialog.buttons) [0, 41, 163, 42]>: refresh to window.panel(0, 41, 163, 42) ..
<panel(window.panel) [1, 1, 164, 43]>: refresh to window.frame(1, 1, 164, 43) ..
<panel(window.frame) [0, 0, 165, 44]>: refresh to app.config.mconfdialog(0, 0, 165, 44) ..
<panel(app.config.mconfdialog) [1, 1, 168, 46]>: refresh to app.config(1, 1, 168, 46) ..
<panel(app.config) [0, 0, 169, 47]>: refresh ..
cursor(<view(exit) [76, 0, 84, 1]>): (78, 43), 1
event(key): Left 260 ..
<view(exit) [76, 0, 84, 1]>: mark as redraw
<view(back) [56, 0, 64, 1]>: mark as redraw
<view(back) [56, 0, 64, 1]>: draw (transparent: nil) ..
<view(exit) [76, 0, 84, 1]>: draw (transparent: nil) ..
<view(back) [56, 0, 64, 1]>: refresh to dialog.buttons(56, 0, 64, 1) ..
<view(exit) [76, 0, 84, 1]>: refresh to dialog.buttons(76, 0, 84, 1) ..
<panel(dialog.buttons) [0, 41, 163, 42]>: refresh to window.panel(0, 41, 163, 42) ..
<panel(window.panel) [1, 1, 164, 43]>: refresh to window.frame(1, 1, 164, 43) ..
<panel(window.frame) [0, 0, 165, 44]>: refresh to app.config.mconfdialog(0, 0, 165, 44) ..
<panel(app.config.mconfdialog) [1, 1, 168, 46]>: refresh to app.config(1, 1, 168, 46) ..
<panel(app.config) [0, 0, 169, 47]>: refresh ..
cursor(<view(back) [56, 0, 64, 1]>): (58, 43), 1
event(key): Right 261 ..
<view(back) [56, 0, 64, 1]>: mark as redraw
<view(exit) [76, 0, 84, 1]>: mark as redraw
<view(back) [56, 0, 64, 1]>: draw (transparent: nil) ..
<view(exit) [76, 0, 84, 1]>: draw (transparent: nil) ..
<view(back) [56, 0, 64, 1]>: refresh to dialog.buttons(56, 0, 64, 1) ..
<view(exit) [76, 0, 84, 1]>: refresh to dialog.buttons(76, 0, 84, 1) ..
<panel(dialog.buttons) [0, 41, 163, 42]>: refresh to window.panel(0, 41, 163, 42) ..
<panel(window.panel) [1, 1, 164, 43]>: refresh to window.frame(1, 1, 164, 43) ..
<panel(window.frame) [0, 0, 165, 44]>: refresh to app.config.mconfdialog(0, 0, 165, 44) ..
<panel(app.config.mconfdialog) [1, 1, 168, 46]>: refresh to app.config(1, 1, 168, 46) ..
<panel(app.config) [0, 0, 169, 47]>: refresh ..
cursor(<view(exit) [76, 0, 84, 1]>): (78, 43), 1
event(key): Right 261 ..
<view(exit) [76, 0, 84, 1]>: mark as redraw
<view(help) [96, 0, 104, 1]>: mark as redraw
<view(exit) [76, 0, 84, 1]>: draw (transparent: nil) ..
<view(help) [96, 0, 104, 1]>: draw (transparent: nil) ..
<view(exit) [76, 0, 84, 1]>: refresh to dialog.buttons(76, 0, 84, 1) ..
<view(help) [96, 0, 104, 1]>: refresh to dialog.buttons(96, 0, 104, 1) ..
<panel(dialog.buttons) [0, 41, 163, 42]>: refresh to window.panel(0, 41, 163, 42) ..
<panel(window.panel) [1, 1, 164, 43]>: refresh to window.frame(1, 1, 164, 43) ..
<panel(window.frame) [0, 0, 165, 44]>: refresh to app.config.mconfdialog(0, 0, 165, 44) ..
<panel(app.config.mconfdialog) [1, 1, 168, 46]>: refresh to app.config(1, 1, 168, 46) ..
<panel(app.config) [0, 0, 169, 47]>: refresh ..
cursor(<view(help) [96, 0, 104, 1]>): (98, 43), 1
event(key): Right 261 ..
<view(help) [96, 0, 104, 1]>: mark as redraw
<view(save) [116, 0, 124, 1]>: mark as redraw
<view(help) [96, 0, 104, 1]>: draw (transparent: nil) ..
<view(save) [116, 0, 124, 1]>: draw (transparent: nil) ..
<view(help) [96, 0, 104, 1]>: refresh to dialog.buttons(96, 0, 104, 1) ..
<view(save) [116, 0, 124, 1]>: refresh to dialog.buttons(116, 0, 124, 1) ..
<panel(dialog.buttons) [0, 41, 163, 42]>: refresh to window.panel(0, 41, 163, 42) ..
<panel(window.panel) [1, 1, 164, 43]>: refresh to window.frame(1, 1, 164, 43) ..
<panel(window.frame) [0, 0, 165, 44]>: refresh to app.config.mconfdialog(0, 0, 165, 44) ..
<panel(app.config.mconfdialog) [1, 1, 168, 46]>: refresh to app.config(1, 1, 168, 46) ..
<panel(app.config) [0, 0, 169, 47]>: refresh ..
cursor(<view(save) [116, 0, 124, 1]>): (118, 43), 1
event(key): Right 261 ..
<view(save) [116, 0, 124, 1]>: mark as redraw
<view(select) [35, 0, 45, 1]>: mark as redraw
<view(select) [35, 0, 45, 1]>: draw (transparent: nil) ..
<view(save) [116, 0, 124, 1]>: draw (transparent: nil) ..
<view(select) [35, 0, 45, 1]>: refresh to dialog.buttons(35, 0, 45, 1) ..
<view(save) [116, 0, 124, 1]>: refresh to dialog.buttons(116, 0, 124, 1) ..
<panel(dialog.buttons) [0, 41, 163, 42]>: refresh to window.panel(0, 41, 163, 42) ..
<panel(window.panel) [1, 1, 164, 43]>: refresh to window.frame(1, 1, 164, 43) ..
<panel(window.frame) [0, 0, 165, 44]>: refresh to app.config.mconfdialog(0, 0, 165, 44) ..
<panel(app.config.mconfdialog) [1, 1, 168, 46]>: refresh to app.config(1, 1, 168, 46) ..
<panel(app.config) [0, 0, 169, 47]>: refresh ..
cursor(<view(select) [35, 0, 45, 1]>): (37, 43), 1
event(key): Left 260 ..
<view(select) [35, 0, 45, 1]>: mark as redraw
<view(save) [116, 0, 124, 1]>: mark as redraw
<view(select) [35, 0, 45, 1]>: draw (transparent: nil) ..
<view(save) [116, 0, 124, 1]>: draw (transparent: nil) ..
<view(select) [35, 0, 45, 1]>: refresh to dialog.buttons(35, 0, 45, 1) ..
<view(save) [116, 0, 124, 1]>: refresh to dialog.buttons(116, 0, 124, 1) ..
<panel(dialog.buttons) [0, 41, 163, 42]>: refresh to window.panel(0, 41, 163, 42) ..
<panel(window.panel) [1, 1, 164, 43]>: refresh to window.frame(1, 1, 164, 43) ..
<panel(window.frame) [0, 0, 165, 44]>: refresh to app.config.mconfdialog(0, 0, 165, 44) ..
<panel(app.config.mconfdialog) [1, 1, 168, 46]>: refresh to app.config(1, 1, 168, 46) ..
<panel(app.config) [0, 0, 169, 47]>: refresh ..
cursor(<view(save) [116, 0, 124, 1]>): (118, 43), 1
event(key): Down 258 ..
<view(menuconf.config.0) [0, 0, 161, 1]>: mark as redraw
<view(menuconf.config.1) [0, 1, 161, 2]>: mark as redraw
<view(menuconf.config.0) [0, 0, 161, 1]>: draw (transparent: nil) ..
<view(menuconf.config.1) [0, 1, 161, 2]>: draw (transparent: nil) ..
<view(menuconf.config.0) [0, 0, 161, 1]>: refresh to mconfdialog.menuconf(0, 0, 161, 1) ..
<view(menuconf.config.1) [0, 1, 161, 2]>: refresh to mconfdialog.menuconf(0, 1, 161, 2) ..
<panel(mconfdialog.menuconf) [0, 0, 161, 36]>: refresh to window.panel(0, 0, 161, 36) ..
<panel(window.panel) [1, 1, 162, 37]>: refresh to window.frame(1, 1, 162, 37) ..
<panel(window.frame) [0, 0, 163, 38]>: refresh to boxdialog.box(0, 0, 163, 38) ..
<panel(boxdialog.box) [0, 3, 163, 41]>: refresh to window.panel(0, 3, 163, 41) ..
<panel(window.panel) [1, 1, 164, 43]>: refresh to window.frame(1, 1, 164, 43) ..
<panel(window.frame) [0, 0, 165, 44]>: refresh to app.config.mconfdialog(0, 0, 165, 44) ..
<panel(app.config.mconfdialog) [1, 1, 168, 46]>: refresh to app.config(1, 1, 168, 46) ..
<panel(app.config) [0, 0, 169, 47]>: refresh ..
cursor(<view(save) [116, 0, 124, 1]>): (118, 43), 1
event(key): Up 259 ..
<view(menuconf.config.1) [0, 1, 161, 2]>: mark as redraw
<view(menuconf.config.0) [0, 0, 161, 1]>: mark as redraw
<view(menuconf.config.0) [0, 0, 161, 1]>: draw (transparent: nil) ..
<view(menuconf.config.1) [0, 1, 161, 2]>: draw (transparent: nil) ..
<view(menuconf.config.0) [0, 0, 161, 1]>: refresh to mconfdialog.menuconf(0, 0, 161, 1) ..
<view(menuconf.config.1) [0, 1, 161, 2]>: refresh to mconfdialog.menuconf(0, 1, 161, 2) ..
<panel(mconfdialog.menuconf) [0, 0, 161, 36]>: refresh to window.panel(0, 0, 161, 36) ..
<panel(window.panel) [1, 1, 162, 37]>: refresh to window.frame(1, 1, 162, 37) ..
<panel(window.frame) [0, 0, 163, 38]>: refresh to boxdialog.box(0, 0, 163, 38) ..
<panel(boxdialog.box) [0, 3, 163, 41]>: refresh to window.panel(0, 3, 163, 41) ..
<panel(window.panel) [1, 1, 164, 43]>: refresh to window.frame(1, 1, 164, 43) ..
<panel(window.frame) [0, 0, 165, 44]>: refresh to app.config.mconfdialog(0, 0, 165, 44) ..
<panel(app.config.mconfdialog) [1, 1, 168, 46]>: refresh to app.config(1, 1, 168, 46) ..
<panel(app.config) [0, 0, 169, 47]>: refresh ..
cursor(<view(save) [116, 0, 124, 1]>): (118, 43), 1
event(key): Enter 13 ..
event(cmd): cm_quit ..
